This file contains any messages produced by compilers while
running configure, to aid debugging if configure makes a mistake.

It was created by openbox configure 3.6, which was
generated by GNU Autoconf 2.71.  Invocation command line was

  $ ./configure

## --------- ##
## Platform. ##
## --------- ##

hostname = UNKNOWN
uname -m = x86_64
uname -r = 5.19.14-200.fc36.x86_64
uname -s = Linux
uname -v = #1 SMP PREEMPT_DYNAMIC Wed Oct 5 21:31:17 UTC 2022

/usr/bin/uname -p = x86_64
/bin/uname -X     = unknown

/bin/arch              = x86_64
/usr/bin/arch -k       = unknown
/usr/convex/getsysinfo = unknown
/usr/bin/hostinfo      = unknown
/bin/machine           = unknown
/usr/bin/oslevel       = unknown
/bin/universe          = unknown

PATH: /home/charl/.local/bin/
PATH: /home/charl/.local/bin/
PATH: /home/charl/bin/
PATH: /usr/local/bin/
PATH: /usr/bin/
PATH: /bin/
PATH: /usr/local/sbin/
PATH: /usr/sbin/
PATH: /sbin/


## ----------- ##
## Core tests. ##
## ----------- ##

configure:2583: looking for aux files: config.rpath config.guess config.sub ltmain.sh compile missing install-sh
configure:2596:  trying ./
configure:2625:   ./config.rpath found
configure:2625:   ./config.guess found
configure:2625:   ./config.sub found
configure:2625:   ./ltmain.sh found
configure:2625:   ./compile found
configure:2625:   ./missing found
configure:2607:   ./install-sh found
configure:2756: checking for a BSD-compatible install
configure:2829: result: /usr/bin/install -c
configure:2840: checking whether build environment is sane
configure:2895: result: yes
configure:3054: checking for a race-free mkdir -p
configure:3098: result: /usr/bin/mkdir -p
configure:3105: checking for gawk
configure:3126: found /usr/bin/gawk
configure:3137: result: gawk
configure:3148: checking whether make sets $(MAKE)
configure:3171: result: yes
configure:3201: checking whether make supports nested variables
configure:3219: result: yes
configure:3367: checking whether make supports nested variables
configure:3385: result: yes
configure:3454: checking build type
configure:3525: result: RELEASE
configure:3546: checking whether make supports the include directive
configure:3561: make -f confmf.GNU && cat confinc.out
this is the am__doit target
configure:3564: $? = 0
configure:3583: result: yes (GNU style)
configure:3659: checking for gcc
configure:3680: found /usr/bin/gcc
configure:3691: result: gcc
configure:4044: checking for C compiler version
configure:4053: gcc --version >&5
gcc (GCC) 12.2.1 20220819 (Red Hat 12.2.1-2)
Copyright (C) 2022 Free Software Foundation, Inc.
This is free software; see the source for copying conditions.  There is NO
warranty; not even for MERCHANTABILITY or FITNESS FOR A PARTICULAR PURPOSE.

configure:4064: $? = 0
configure:4053: gcc -v >&5
Using built-in specs.
COLLECT_GCC=gcc
COLLECT_LTO_WRAPPER=/usr/libexec/gcc/x86_64-redhat-linux/12/lto-wrapper
OFFLOAD_TARGET_NAMES=nvptx-none
OFFLOAD_TARGET_DEFAULT=1
Target: x86_64-redhat-linux
Configured with: ../configure --enable-bootstrap --enable-languages=c,c++,fortran,objc,obj-c++,ada,go,d,lto --prefix=/usr --mandir=/usr/share/man --infodir=/usr/share/info --with-bugurl=http://bugzilla.redhat.com/bugzilla --enable-shared --enable-threads=posix --enable-checking=release --enable-multilib --with-system-zlib --enable-__cxa_atexit --disable-libunwind-exceptions --enable-gnu-unique-object --enable-linker-build-id --with-gcc-major-version-only --enable-libstdcxx-backtrace --with-linker-hash-style=gnu --enable-plugin --enable-initfini-array --with-isl=/builddir/build/BUILD/gcc-12.2.1-20220819/obj-x86_64-redhat-linux/isl-install --enable-offload-targets=nvptx-none --without-cuda-driver --enable-offload-defaulted --enable-gnu-indirect-function --enable-cet --with-tune=generic --with-arch_32=i686 --build=x86_64-redhat-linux --with-build-config=bootstrap-lto --enable-link-serialization=1
Thread model: posix
Supported LTO compression algorithms: zlib zstd
gcc version 12.2.1 20220819 (Red Hat 12.2.1-2) (GCC) 
... rest of stderr output deleted ...
configure:4064: $? = 0
configure:4053: gcc -V >&5
gcc: error: unrecognized command-line option '-V'
gcc: fatal error: no input files
compilation terminated.
configure:4064: $? = 1
configure:4053: gcc -qversion >&5
gcc: error: unrecognized command-line option '-qversion'; did you mean '--version'?
gcc: fatal error: no input files
compilation terminated.
configure:4064: $? = 1
configure:4053: gcc -version >&5
gcc: error: unrecognized command-line option '-version'
gcc: fatal error: no input files
compilation terminated.
configure:4064: $? = 1
configure:4084: checking whether the C compiler works
configure:4106: gcc    conftest.c  >&5
configure:4110: $? = 0
configure:4160: result: yes
configure:4163: checking for C compiler default output file name
configure:4165: result: a.out
configure:4171: checking for suffix of executables
configure:4178: gcc -o conftest    conftest.c  >&5
configure:4182: $? = 0
configure:4205: result: 
configure:4227: checking whether we are cross compiling
configure:4235: gcc -o conftest    conftest.c  >&5
configure:4239: $? = 0
configure:4246: ./conftest
configure:4250: $? = 0
configure:4265: result: no
configure:4270: checking for suffix of object files
configure:4293: gcc -c   conftest.c >&5
configure:4297: $? = 0
configure:4319: result: o
configure:4323: checking whether the compiler supports GNU C
configure:4343: gcc -c   conftest.c >&5
configure:4343: $? = 0
configure:4353: result: yes
configure:4364: checking whether gcc accepts -g
configure:4385: gcc -c -g  conftest.c >&5
configure:4385: $? = 0
configure:4429: result: yes
configure:4449: checking for gcc option to enable C11 features
configure:4464: gcc  -c -g -O2  conftest.c >&5
configure:4464: $? = 0
configure:4482: result: none needed
configure:4598: checking whether gcc understands -c and -o together
configure:4621: gcc -c conftest.c -o conftest2.o
configure:4624: $? = 0
configure:4621: gcc -c conftest.c -o conftest2.o
configure:4624: $? = 0
configure:4636: result: yes
configure:4655: checking dependency style of gcc
configure:4767: result: gcc3
configure:4788: checking how to run the C preprocessor
configure:4814: gcc -E  conftest.c
configure:4814: $? = 0
configure:4829: gcc -E  conftest.c
conftest.c:11:10: fatal error: ac_nonexistent.h: No such file or directory
   11 | #include <ac_nonexistent.h>
      |          ^~~~~~~~~~~~~~~~~~
compilation terminated.
configure:4829: $? = 1
configure: failed program was:
| /* confdefs.h */
| #define PACKAGE_NAME "openbox"
| #define PACKAGE_TARNAME "openbox"
| #define PACKAGE_VERSION "3.6"
| #define PACKAGE_STRING "openbox 3.6"
| #define PACKAGE_BUGREPORT "http://bugzilla.icculus.org"
| #define PACKAGE_URL ""
| #define PACKAGE "openbox"
| #define VERSION "3.6"
| /* end confdefs.h.  */
| #include <ac_nonexistent.h>
configure:4856: result: gcc -E
configure:4870: gcc -E  conftest.c
configure:4870: $? = 0
configure:4885: gcc -E  conftest.c
conftest.c:11:10: fatal error: ac_nonexistent.h: No such file or directory
   11 | #include <ac_nonexistent.h>
      |          ^~~~~~~~~~~~~~~~~~
compilation terminated.
configure:4885: $? = 1
configure: failed program was:
| /* confdefs.h */
| #define PACKAGE_NAME "openbox"
| #define PACKAGE_TARNAME "openbox"
| #define PACKAGE_VERSION "3.6"
| #define PACKAGE_STRING "openbox 3.6"
| #define PACKAGE_BUGREPORT "http://bugzilla.icculus.org"
| #define PACKAGE_URL ""
| #define PACKAGE "openbox"
| #define VERSION "3.6"
| /* end confdefs.h.  */
| #include <ac_nonexistent.h>
configure:4929: checking for GNU CC
configure:4932: result: yes
configure:4957: checking for compiler specific flags
configure:4959: result: -DNDEBUG -DG_DISABLE_ASSERT -fno-strict-aliasing
configure:4965: checking for an ANSI C-conforming const
configure:5032: gcc -c -g -O2 -DNDEBUG -DG_DISABLE_ASSERT -fno-strict-aliasing  conftest.c >&5
configure:5032: $? = 0
configure:5040: result: yes
configure:5048: checking for inline
configure:5065: gcc -c -g -O2 -DNDEBUG -DG_DISABLE_ASSERT -fno-strict-aliasing  conftest.c >&5
configure:5065: $? = 0
configure:5074: result: inline
configure:5125: checking build system type
configure:5140: result: x86_64-pc-linux-gnu
configure:5160: checking host system type
configure:5174: result: x86_64-pc-linux-gnu
configure:5215: checking how to print strings
configure:5242: result: printf
configure:5263: checking for a sed that does not truncate output
configure:5333: result: /usr/bin/sed
configure:5351: checking for grep that handles long lines and -e
configure:5415: result: /usr/bin/grep
configure:5420: checking for egrep
configure:5488: result: /usr/bin/grep -E
configure:5493: checking for fgrep
configure:5561: result: /usr/bin/grep -F
configure:5597: checking for ld used by gcc
configure:5665: result: /usr/bin/ld
configure:5672: checking if the linker (/usr/bin/ld) is GNU ld
configure:5688: result: yes
configure:5700: checking for BSD- or MS-compatible name lister (nm)
configure:5755: result: /usr/bin/nm -B
configure:5895: checking the name lister (/usr/bin/nm -B) interface
configure:5903: gcc -c -g -O2 -DNDEBUG -DG_DISABLE_ASSERT -fno-strict-aliasing  conftest.c >&5
configure:5906: /usr/bin/nm -B "conftest.o"
configure:5909: output
0000000000000000 B some_variable
configure:5916: result: BSD nm
configure:5919: checking whether ln -s works
configure:5923: result: yes
configure:5931: checking the maximum length of command line arguments
configure:6063: result: 1572864
configure:6111: checking how to convert x86_64-pc-linux-gnu file names to x86_64-pc-linux-gnu format
configure:6152: result: func_convert_file_noop
configure:6159: checking how to convert x86_64-pc-linux-gnu file names to toolchain format
configure:6180: result: func_convert_file_noop
configure:6187: checking for /usr/bin/ld option to reload object files
configure:6195: result: -r
configure:6274: checking for file
configure:6295: found /usr/bin/file
configure:6306: result: file
configure:6382: checking for objdump
configure:6403: found /usr/bin/objdump
configure:6414: result: objdump
configure:6446: checking how to recognize dependent libraries
configure:6647: result: pass_all
configure:6737: checking for dlltool
configure:6772: result: no
configure:6802: checking how to associate runtime and link libraries
configure:6830: result: printf %s\n
configure:6895: checking for ar
configure:6916: found /usr/bin/ar
configure:6927: result: ar
configure:6980: checking for archiver @FILE support
configure:6998: gcc -c -g -O2 -DNDEBUG -DG_DISABLE_ASSERT -fno-strict-aliasing  conftest.c >&5
configure:6998: $? = 0
configure:7002: ar cr libconftest.a @conftest.lst >&5
configure:7005: $? = 0
configure:7010: ar cr libconftest.a @conftest.lst >&5
ar: conftest.o: No such file or directory
configure:7013: $? = 1
configure:7025: result: @
configure:7088: checking for strip
configure:7109: found /usr/bin/strip
configure:7120: result: strip
configure:7197: checking for ranlib
configure:7218: found /usr/bin/ranlib
configure:7229: result: ranlib
configure:7331: checking command to parse /usr/bin/nm -B output from gcc object
configure:7485: gcc -c -g -O2 -DNDEBUG -DG_DISABLE_ASSERT -fno-strict-aliasing  conftest.c >&5
configure:7488: $? = 0
configure:7492: /usr/bin/nm -B conftest.o \| /usr/bin/sed -n -e 's/^.*[ ]\([ABCDGIRSTW][ABCDGIRSTW]*\)[ ][ ]*\([_A-Za-z][_A-Za-z0-9]*\)$/\1 \2 \2/p' | /usr/bin/sed '/ __gnu_lto/d' \> conftest.nm
configure:7495: $? = 0
configure:7561: gcc -o conftest -g -O2 -DNDEBUG -DG_DISABLE_ASSERT -fno-strict-aliasing   conftest.c conftstm.o >&5
configure:7564: $? = 0
configure:7602: result: ok
configure:7649: checking for sysroot
configure:7680: result: no
configure:7687: checking for a working dd
configure:7731: result: /usr/bin/dd
configure:7735: checking how to truncate binary pipes
configure:7751: result: /usr/bin/dd bs=4096 count=1
configure:7888: gcc -c -g -O2 -DNDEBUG -DG_DISABLE_ASSERT -fno-strict-aliasing  conftest.c >&5
configure:7891: $? = 0
configure:8088: checking for mt
configure:8123: result: no
configure:8143: checking if : is a manifest tool
configure:8150: : '-?'
configure:8158: result: no
configure:8883: checking for stdio.h
configure:8883: gcc -c -g -O2 -DNDEBUG -DG_DISABLE_ASSERT -fno-strict-aliasing  conftest.c >&5
configure:8883: $? = 0
configure:8883: result: yes
configure:8883: checking for stdlib.h
configure:8883: gcc -c -g -O2 -DNDEBUG -DG_DISABLE_ASSERT -fno-strict-aliasing  conftest.c >&5
configure:8883: $? = 0
configure:8883: result: yes
configure:8883: checking for string.h
configure:8883: gcc -c -g -O2 -DNDEBUG -DG_DISABLE_ASSERT -fno-strict-aliasing  conftest.c >&5
configure:8883: $? = 0
configure:8883: result: yes
configure:8883: checking for inttypes.h
configure:8883: gcc -c -g -O2 -DNDEBUG -DG_DISABLE_ASSERT -fno-strict-aliasing  conftest.c >&5
configure:8883: $? = 0
configure:8883: result: yes
configure:8883: checking for stdint.h
configure:8883: gcc -c -g -O2 -DNDEBUG -DG_DISABLE_ASSERT -fno-strict-aliasing  conftest.c >&5
configure:8883: $? = 0
configure:8883: result: yes
configure:8883: checking for strings.h
configure:8883: gcc -c -g -O2 -DNDEBUG -DG_DISABLE_ASSERT -fno-strict-aliasing  conftest.c >&5
configure:8883: $? = 0
configure:8883: result: yes
configure:8883: checking for sys/stat.h
configure:8883: gcc -c -g -O2 -DNDEBUG -DG_DISABLE_ASSERT -fno-strict-aliasing  conftest.c >&5
configure:8883: $? = 0
configure:8883: result: yes
configure:8883: checking for sys/types.h
configure:8883: gcc -c -g -O2 -DNDEBUG -DG_DISABLE_ASSERT -fno-strict-aliasing  conftest.c >&5
configure:8883: $? = 0
configure:8883: result: yes
configure:8883: checking for unistd.h
configure:8883: gcc -c -g -O2 -DNDEBUG -DG_DISABLE_ASSERT -fno-strict-aliasing  conftest.c >&5
configure:8883: $? = 0
configure:8883: result: yes
configure:8908: checking for dlfcn.h
configure:8908: gcc -c -g -O2 -DNDEBUG -DG_DISABLE_ASSERT -fno-strict-aliasing  conftest.c >&5
configure:8908: $? = 0
configure:8908: result: yes
configure:9167: checking for objdir
configure:9183: result: .libs
configure:9447: checking if gcc supports -fno-rtti -fno-exceptions
configure:9466: gcc -c -g -O2 -DNDEBUG -DG_DISABLE_ASSERT -fno-strict-aliasing  -fno-rtti -fno-exceptions conftest.c >&5
cc1: warning: command-line option '-fno-rtti' is valid for C++/D/ObjC++ but not for C
configure:9470: $? = 0
configure:9483: result: no
configure:9841: checking for gcc option to produce PIC
configure:9849: result: -fPIC -DPIC
configure:9857: checking if gcc PIC flag -fPIC -DPIC works
configure:9876: gcc -c -g -O2 -DNDEBUG -DG_DISABLE_ASSERT -fno-strict-aliasing  -fPIC -DPIC -DPIC conftest.c >&5
configure:9880: $? = 0
configure:9893: result: yes
configure:9922: checking if gcc static flag -static works
configure:9951: result: no
configure:9966: checking if gcc supports -c -o file.o
configure:9988: gcc -c -g -O2 -DNDEBUG -DG_DISABLE_ASSERT -fno-strict-aliasing  -o out/conftest2.o conftest.c >&5
configure:9992: $? = 0
configure:10014: result: yes
configure:10022: checking if gcc supports -c -o file.o
configure:10070: result: yes
configure:10103: checking whether the gcc linker (/usr/bin/ld -m elf_x86_64) supports shared libraries
configure:11371: result: yes
configure:11408: checking whether -lc should be explicitly linked in
configure:11417: gcc -c -g -O2 -DNDEBUG -DG_DISABLE_ASSERT -fno-strict-aliasing  conftest.c >&5
configure:11420: $? = 0
configure:11435: gcc -shared  -fPIC -DPIC conftest.o  -v -Wl,-soname -Wl,conftest -o conftest 2\>\&1 \| /usr/bin/grep  -lc  \>/dev/null 2\>\&1
configure:11438: $? = 0
configure:11452: result: no
configure:11612: checking dynamic linker characteristics
configure:12194: gcc -o conftest -g -O2 -DNDEBUG -DG_DISABLE_ASSERT -fno-strict-aliasing   -Wl,-rpath -Wl,/foo conftest.c   >&5
configure:12194: $? = 0
configure:12436: result: GNU/Linux ld.so
configure:12558: checking how to hardcode library paths into programs
configure:12583: result: immediate
configure:13135: checking whether stripping libraries is possible
configure:13144: result: yes
configure:13186: checking if libtool supports shared libraries
configure:13188: result: yes
configure:13191: checking whether to build shared libraries
configure:13216: result: yes
configure:13219: checking whether to build static libraries
configure:13223: result: yes
configure:13274: checking whether NLS is requested
configure:13284: result: yes
configure:13322: checking for msgfmt
configure: trying /usr/bin/msgfmt...
0 translated messages.
configure:13355: result: /usr/bin/msgfmt
configure:13364: checking for gmsgfmt
configure:13400: result: /usr/bin/msgfmt
configure:13451: checking for xgettext
configure: trying /usr/bin/xgettext...
/usr/bin/xgettext: warning: file '/dev/null' extension '' is unknown; will try C
configure:13484: result: /usr/bin/xgettext
configure:13530: checking for msgmerge
configure: trying /usr/bin/msgmerge...
configure:13562: result: /usr/bin/msgmerge
configure:13617: checking for ld used by GCC
configure:13682: result: /usr/bin/ld -m elf_x86_64
configure:13689: checking if the linker (/usr/bin/ld -m elf_x86_64) is GNU ld
configure:13703: result: yes
configure:13711: checking for shared library run path origin
configure:13725: result: done
configure:14163: checking for CFPreferencesCopyAppValue
configure:14182: gcc -o conftest -g -O2 -DNDEBUG -DG_DISABLE_ASSERT -fno-strict-aliasing   conftest.c   -Wl,-framework -Wl,CoreFoundation >&5
conftest.c:23:10: fatal error: CoreFoundation/CFPreferences.h: No such file or directory
   23 | #include <CoreFoundation/CFPreferences.h>
      |          ^~~~~~~~~~~~~~~~~~~~~~~~~~~~~~~~
compilation terminated.
configure:14182: $? = 1
configure: failed program was:
| /* confdefs.h */
| #define PACKAGE_NAME "openbox"
| #define PACKAGE_TARNAME "openbox"
| #define PACKAGE_VERSION "3.6"
| #define PACKAGE_STRING "openbox 3.6"
| #define PACKAGE_BUGREPORT "http://bugzilla.icculus.org"
| #define PACKAGE_URL ""
| #define PACKAGE "openbox"
| #define VERSION "3.6"
| #define HAVE_STDIO_H 1
| #define HAVE_STDLIB_H 1
| #define HAVE_STRING_H 1
| #define HAVE_INTTYPES_H 1
| #define HAVE_STDINT_H 1
| #define HAVE_STRINGS_H 1
| #define HAVE_SYS_STAT_H 1
| #define HAVE_SYS_TYPES_H 1
| #define HAVE_UNISTD_H 1
| #define STDC_HEADERS 1
| #define HAVE_DLFCN_H 1
| #define LT_OBJDIR ".libs/"
| /* end confdefs.h.  */
| #include <CoreFoundation/CFPreferences.h>
| int
| main (void)
| {
| CFPreferencesCopyAppValue(NULL, NULL)
|   ;
|   return 0;
| }
configure:14192: result: no
configure:14199: checking for CFLocaleCopyCurrent
configure:14218: gcc -o conftest -g -O2 -DNDEBUG -DG_DISABLE_ASSERT -fno-strict-aliasing   conftest.c   -Wl,-framework -Wl,CoreFoundation >&5
conftest.c:23:10: fatal error: CoreFoundation/CFLocale.h: No such file or directory
   23 | #include <CoreFoundation/CFLocale.h>
      |          ^~~~~~~~~~~~~~~~~~~~~~~~~~~
compilation terminated.
configure:14218: $? = 1
configure: failed program was:
| /* confdefs.h */
| #define PACKAGE_NAME "openbox"
| #define PACKAGE_TARNAME "openbox"
| #define PACKAGE_VERSION "3.6"
| #define PACKAGE_STRING "openbox 3.6"
| #define PACKAGE_BUGREPORT "http://bugzilla.icculus.org"
| #define PACKAGE_URL ""
| #define PACKAGE "openbox"
| #define VERSION "3.6"
| #define HAVE_STDIO_H 1
| #define HAVE_STDLIB_H 1
| #define HAVE_STRING_H 1
| #define HAVE_INTTYPES_H 1
| #define HAVE_STDINT_H 1
| #define HAVE_STRINGS_H 1
| #define HAVE_SYS_STAT_H 1
| #define HAVE_SYS_TYPES_H 1
| #define HAVE_UNISTD_H 1
| #define STDC_HEADERS 1
| #define HAVE_DLFCN_H 1
| #define LT_OBJDIR ".libs/"
| /* end confdefs.h.  */
| #include <CoreFoundation/CFLocale.h>
| int
| main (void)
| {
| CFLocaleCopyCurrent();
|   ;
|   return 0;
| }
configure:14228: result: no
configure:14257: checking for GNU gettext in libc
configure:14277: gcc -o conftest -g -O2 -DNDEBUG -DG_DISABLE_ASSERT -fno-strict-aliasing   conftest.c   >&5
configure:14277: $? = 0
configure:14286: result: yes
configure:14882: checking whether to use NLS
configure:14884: result: yes
configure:14887: checking where the gettext function comes from
configure:14898: result: libc
configure:14956: checking for ctype.h
configure:14956: gcc -c -g -O2 -DNDEBUG -DG_DISABLE_ASSERT -fno-strict-aliasing  conftest.c >&5
configure:14956: $? = 0
configure:14956: result: yes
configure:14962: checking for dirent.h
configure:14962: gcc -c -g -O2 -DNDEBUG -DG_DISABLE_ASSERT -fno-strict-aliasing  conftest.c >&5
configure:14962: $? = 0
configure:14962: result: yes
configure:14968: checking for errno.h
configure:14968: gcc -c -g -O2 -DNDEBUG -DG_DISABLE_ASSERT -fno-strict-aliasing  conftest.c >&5
configure:14968: $? = 0
configure:14968: result: yes
configure:14974: checking for fcntl.h
configure:14974: gcc -c -g -O2 -DNDEBUG -DG_DISABLE_ASSERT -fno-strict-aliasing  conftest.c >&5
configure:14974: $? = 0
configure:14974: result: yes
configure:14980: checking for grp.h
configure:14980: gcc -c -g -O2 -DNDEBUG -DG_DISABLE_ASSERT -fno-strict-aliasing  conftest.c >&5
configure:14980: $? = 0
configure:14980: result: yes
configure:14986: checking for locale.h
configure:14986: gcc -c -g -O2 -DNDEBUG -DG_DISABLE_ASSERT -fno-strict-aliasing  conftest.c >&5
configure:14986: $? = 0
configure:14986: result: yes
configure:14992: checking for pwd.h
configure:14992: gcc -c -g -O2 -DNDEBUG -DG_DISABLE_ASSERT -fno-strict-aliasing  conftest.c >&5
configure:14992: $? = 0
configure:14992: result: yes
configure:14999: checking for signal.h
configure:14999: gcc -c -g -O2 -DNDEBUG -DG_DISABLE_ASSERT -fno-strict-aliasing  conftest.c >&5
configure:14999: $? = 0
configure:14999: result: yes
configure:15005: checking for string.h
configure:15005: result: yes
configure:15011: checking for stdio.h
configure:15011: result: yes
configure:15017: checking for stdlib.h
configure:15017: result: yes
configure:15023: checking for unistd.h
configure:15023: result: yes
configure:15029: checking for sys/stat.h
configure:15029: result: yes
configure:15036: checking for sys/select.h
configure:15036: gcc -c -g -O2 -DNDEBUG -DG_DISABLE_ASSERT -fno-strict-aliasing  conftest.c >&5
configure:15036: $? = 0
configure:15036: result: yes
configure:15042: checking for sys/socket.h
configure:15042: gcc -c -g -O2 -DNDEBUG -DG_DISABLE_ASSERT -fno-strict-aliasing  conftest.c >&5
configure:15042: $? = 0
configure:15042: result: yes
configure:15048: checking for sys/time.h
configure:15048: gcc -c -g -O2 -DNDEBUG -DG_DISABLE_ASSERT -fno-strict-aliasing  conftest.c >&5
configure:15048: $? = 0
configure:15048: result: yes
configure:15054: checking for sys/types.h
configure:15054: result: yes
configure:15060: checking for sys/wait.h
configure:15060: gcc -c -g -O2 -DNDEBUG -DG_DISABLE_ASSERT -fno-strict-aliasing  conftest.c >&5
configure:15060: $? = 0
configure:15060: result: yes
configure:15070: checking for sed
configure:15106: result: /usr/bin/sed
configure:15120: checking for dirname
configure:15143: found /usr/bin/dirname
configure:15156: result: /usr/bin/dirname
configure:15227: checking for pkg-config
configure:15250: found /usr/bin/pkg-config
configure:15262: result: /usr/bin/pkg-config
configure:15287: checking pkg-config is at least version 0.9.0
configure:15290: result: yes
configure:15300: checking for GLIB
configure:15307: $PKG_CONFIG --exists --print-errors "glib-2.0 >= 2.14.0"
configure:15310: $? = 0
configure:15324: $PKG_CONFIG --exists --print-errors "glib-2.0 >= 2.14.0"
configure:15327: $? = 0
configure:15385: result: yes
configure:15394: checking for PANGO
configure:15401: $PKG_CONFIG --exists --print-errors "pango >= 1.8.0 pangoxft >= 1.8.0"
configure:15404: $? = 0
configure:15418: $PKG_CONFIG --exists --print-errors "pango >= 1.8.0 pangoxft >= 1.8.0"
configure:15421: $? = 0
configure:15479: result: yes
configure:15488: checking for XML
configure:15495: $PKG_CONFIG --exists --print-errors "libxml-2.0 >= 2.6.0"
configure:15498: $? = 0
configure:15512: $PKG_CONFIG --exists --print-errors "libxml-2.0 >= 2.6.0"
configure:15515: $? = 0
configure:15573: result: yes
configure:15593: checking for LIBSN
configure:15600: $PKG_CONFIG --exists --print-errors "libstartup-notification-1.0 >= 0.8"
Package libstartup-notification-1.0 was not found in the pkg-config search path.
Perhaps you should add the directory containing `libstartup-notification-1.0.pc'
to the PKG_CONFIG_PATH environment variable
Package 'libstartup-notification-1.0', required by 'virtual:world', not found
configure:15603: $? = 1
configure:15617: $PKG_CONFIG --exists --print-errors "libstartup-notification-1.0 >= 0.8"
Package libstartup-notification-1.0 was not found in the pkg-config search path.
Perhaps you should add the directory containing `libstartup-notification-1.0.pc'
to the PKG_CONFIG_PATH environment variable
Package 'libstartup-notification-1.0', required by 'virtual:world', not found
configure:15620: $? = 1
configure:15634: result: no
Package 'libstartup-notification-1.0', required by 'virtual:world', not found
configure:15692: checking for XCURSOR
configure:15699: $PKG_CONFIG --exists --print-errors "xcursor"
configure:15702: $? = 0
configure:15716: $PKG_CONFIG --exists --print-errors "xcursor"
configure:15719: $? = 0
configure:15763: result: yes
configure:15791: checking for IMLIB2
configure:15798: $PKG_CONFIG --exists --print-errors "imlib2"
Package imlib2 was not found in the pkg-config search path.
Perhaps you should add the directory containing `imlib2.pc'
to the PKG_CONFIG_PATH environment variable
Package 'imlib2', required by 'virtual:world', not found
configure:15801: $? = 1
configure:15815: $PKG_CONFIG --exists --print-errors "imlib2"
Package imlib2 was not found in the pkg-config search path.
Perhaps you should add the directory containing `imlib2.pc'
to the PKG_CONFIG_PATH environment variable
Package 'imlib2', required by 'virtual:world', not found
configure:15818: $? = 1
configure:15832: result: no
Package 'imlib2', required by 'virtual:world', not found
configure:15902: checking for LIBRSVG
configure:15909: $PKG_CONFIG --exists --print-errors "librsvg-2.0"
Package librsvg-2.0 was not found in the pkg-config search path.
Perhaps you should add the directory containing `librsvg-2.0.pc'
to the PKG_CONFIG_PATH environment variable
Package 'librsvg-2.0', required by 'virtual:world', not found
configure:15912: $? = 1
configure:15926: $PKG_CONFIG --exists --print-errors "librsvg-2.0"
Package librsvg-2.0 was not found in the pkg-config search path.
Perhaps you should add the directory containing `librsvg-2.0.pc'
to the PKG_CONFIG_PATH environment variable
Package 'librsvg-2.0', required by 'virtual:world', not found
configure:15929: $? = 1
configure:15943: result: no
Package 'librsvg-2.0', required by 'virtual:world', not found
configure:16001: checking for X
configure:16039: gcc -o conftest -g -O2 -DNDEBUG -DG_DISABLE_ASSERT -fno-strict-aliasing   conftest.c -lX11   >&5
configure:16039: $? = 0
configure:16226: result: libraries , headers 
configure:16325: gcc -o conftest -g -O2 -DNDEBUG -DG_DISABLE_ASSERT -fno-strict-aliasing   conftest.c    -lX11 >&5
configure:16325: $? = 0
configure:16424: checking for gethostbyname
configure:16424: gcc -o conftest -g -O2 -DNDEBUG -DG_DISABLE_ASSERT -fno-strict-aliasing   conftest.c   >&5
configure:16424: $? = 0
configure:16424: result: yes
configure:16522: checking for connect
configure:16522: gcc -o conftest -g -O2 -DNDEBUG -DG_DISABLE_ASSERT -fno-strict-aliasing   conftest.c   >&5
configure:16522: $? = 0
configure:16522: result: yes
configure:16572: checking for remove
configure:16572: gcc -o conftest -g -O2 -DNDEBUG -DG_DISABLE_ASSERT -fno-strict-aliasing   conftest.c   >&5
configure:16572: $? = 0
configure:16572: result: yes
configure:16622: checking for shmat
configure:16622: gcc -o conftest -g -O2 -DNDEBUG -DG_DISABLE_ASSERT -fno-strict-aliasing   conftest.c   >&5
configure:16622: $? = 0
configure:16622: result: yes
configure:16681: checking for IceConnectionNumber in -lICE
configure:16704: gcc -o conftest -g -O2 -DNDEBUG -DG_DISABLE_ASSERT -fno-strict-aliasing   conftest.c -lICE    >&5
configure:16704: $? = 0
configure:16714: result: yes
configure:16737: checking for XOpenDisplay in -lX11
configure:16760: gcc -o conftest -g -O2 -DNDEBUG -DG_DISABLE_ASSERT -fno-strict-aliasing    conftest.c -lX11     -lSM -lICE  -lX11 >&5
configure:16760: $? = 0
configure:16770: result: yes
configure:16811: checking for SmcSaveYourselfDone in -lSM
configure:16834: gcc -o conftest -g -O2 -DNDEBUG -DG_DISABLE_ASSERT -fno-strict-aliasing    conftest.c -lSM     -lSM -lICE  -lX11 >&5
configure:16834: $? = 0
configure:16844: result: yes
configure:16851: checking for X11/SM/SMlib.h
configure:16851: gcc -c -g -O2 -DNDEBUG -DG_DISABLE_ASSERT -fno-strict-aliasing   conftest.c >&5
configure:16851: $? = 0
configure:16851: result: yes
configure:16876: checking for session management support
configure:16879: result: yes
configure:16911: checking for XkbBell in -lX11
configure:16934: gcc -o conftest -g -O2 -DNDEBUG -DG_DISABLE_ASSERT -fno-strict-aliasing    conftest.c -lX11     -lSM -lICE  -lX11 >&5
configure:16934: $? = 0
configure:16944: result: yes
configure:16948: checking for X11/XKBlib.h
configure:16969: gcc -o conftest -g -O2 -DNDEBUG -DG_DISABLE_ASSERT -fno-strict-aliasing    conftest.c    -lSM -lICE  -lX11 >&5
configure:16969: $? = 0
configure:16972: result: yes
configure:17001: checking for the Xkb extension
configure:17004: result: yes
configure:17031: checking for XRRSelectInput in -lXrandr
configure:17054: gcc -o conftest -g -O2 -DNDEBUG -DG_DISABLE_ASSERT -fno-strict-aliasing    conftest.c -lXrandr     -lSM -lICE  -lX11 -lXext -lXrender -lXrandr >&5
configure:17054: $? = 0
configure:17064: result: yes
configure:17068: checking for X11/extensions/Xrandr.h
configure:17090: gcc -o conftest -g -O2 -DNDEBUG -DG_DISABLE_ASSERT -fno-strict-aliasing    conftest.c    -lSM -lICE  -lX11 -lXext -lXrender -lXrandr >&5
configure:17090: $? = 0
configure:17093: result: yes
configure:17122: checking for the XRandR extension
configure:17125: result: yes
configure:17152: checking for XShapeCombineShape in -lXext
configure:17175: gcc -o conftest -g -O2 -DNDEBUG -DG_DISABLE_ASSERT -fno-strict-aliasing    conftest.c -lXext     -lSM -lICE  -lX11 >&5
configure:17175: $? = 0
configure:17185: result: yes
configure:17189: checking for X11/extensions/shape.h
configure:17208: gcc -o conftest -g -O2 -DNDEBUG -DG_DISABLE_ASSERT -fno-strict-aliasing    conftest.c    -lSM -lICE  -lX11 >&5
configure:17208: $? = 0
configure:17211: result: yes
configure:17240: checking for the Shape extension
configure:17243: result: yes
configure:17270: checking for XineramaQueryExtension in -lXinerama
configure:17293: gcc -o conftest -g -O2 -DNDEBUG -DG_DISABLE_ASSERT -fno-strict-aliasing    conftest.c -lXinerama     -lSM -lICE  -lX11 -lXext >&5
configure:17293: $? = 0
configure:17303: result: yes
configure:17308: checking for X11/extensions/Xinerama.h
configure:17326: gcc -o conftest -g -O2 -DNDEBUG -DG_DISABLE_ASSERT -fno-strict-aliasing    conftest.c    -lSM -lICE  -lX11 -lXext >&5
configure:17326: $? = 0
configure:17329: result: yes
configure:17355: checking for the Xinerama extension
configure:17358: result: yes
configure:17385: checking for XSyncInitialize in -lXext
configure:17408: gcc -o conftest -g -O2 -DNDEBUG -DG_DISABLE_ASSERT -fno-strict-aliasing    conftest.c -lXext     -lSM -lICE  -lX11 >&5
configure:17408: $? = 0
configure:17418: result: yes
configure:17422: checking for X11/extensions/sync.h
configure:17441: gcc -o conftest -g -O2 -DNDEBUG -DG_DISABLE_ASSERT -fno-strict-aliasing    conftest.c    -lSM -lICE  -lX11 >&5
configure:17441: $? = 0
configure:17444: result: yes
configure:17473: checking for the Sync extension
configure:17476: result: yes
configure:17493: checking for XauReadAuth in -lXau
configure:17516: gcc -o conftest -g -O2 -DNDEBUG -DG_DISABLE_ASSERT -fno-strict-aliasing    conftest.c -lXau     -lSM -lICE  -lX11 >&5
configure:17516: $? = 0
configure:17526: result: yes
configure:17530: checking for X11/Xauth.h
configure:17548: gcc -o conftest -g -O2 -DNDEBUG -DG_DISABLE_ASSERT -fno-strict-aliasing    conftest.c    -lSM -lICE  -lX11 >&5
configure:17548: $? = 0
configure:17551: result: yes
configure:17579: checking for the Xauth extension
configure:17582: result: yes
configure:17735: checking that generated files are newer than configure
configure:17741: result: done
configure:17772: creating ./config.status

## ---------------------- ##
## Running config.status. ##
## ---------------------- ##

This file was extended by openbox config.status 3.6, which was
generated by GNU Autoconf 2.71.  Invocation command line was

  CONFIG_FILES    = 
  CONFIG_HEADERS  = 
  CONFIG_LINKS    = 
  CONFIG_COMMANDS = 
  $ ./config.status 

on UNKNOWN

config.status:1111: creating Makefile
config.status:1111: creating m4/Makefile
config.status:1111: creating po/Makefile.in
config.status:1111: creating obrender/obrender-3.5.pc
config.status:1111: creating obt/obt-3.5.pc
config.status:1111: creating obrender/version.h
config.status:1111: creating obt/version.h
config.status:1111: creating version.h
config.status:1283: executing depfiles commands
config.status:1360: cd .       && sed -e '/# am--include-marker/d' Makefile         | make -f - am--depfiles
make: Nothing to be done for 'am--depfiles'.
config.status:1365: $? = 0
config.status:1283: executing libtool commands
config.status:1283: executing po-directories commands
config.status:1283: executing doc commands
config.status:1283: executing data commands
config.status:1283: executing data/xsession commands
configure:19870: result: 
configure:19872: result: Compiling with these options:
               Startup Notification... no
               X Cursor Library... yes
               Session Management... yes
               Imlib2 Library... no
               SVG Support (librsvg)... no
               
configure:19886: result: configure complete, now type "make"

## ---------------- ##
## Cache variables. ##
## ---------------- ##

ac_cv_build=x86_64-pc-linux-gnu
ac_cv_c_compiler_gnu=yes
ac_cv_c_const=yes
ac_cv_c_inline=inline
ac_cv_env_CC_set=
ac_cv_env_CC_value=
ac_cv_env_CFLAGS_set=
ac_cv_env_CFLAGS_value=
ac_cv_env_CPPFLAGS_set=
ac_cv_env_CPPFLAGS_value=
ac_cv_env_CPP_set=
ac_cv_env_CPP_value=
ac_cv_env_GLIB_CFLAGS_set=
ac_cv_env_GLIB_CFLAGS_value=
ac_cv_env_GLIB_LIBS_set=
ac_cv_env_GLIB_LIBS_value=
ac_cv_env_IMLIB2_CFLAGS_set=
ac_cv_env_IMLIB2_CFLAGS_value=
ac_cv_env_IMLIB2_LIBS_set=
ac_cv_env_IMLIB2_LIBS_value=
ac_cv_env_LDFLAGS_set=
ac_cv_env_LDFLAGS_value=
ac_cv_env_LIBRSVG_CFLAGS_set=
ac_cv_env_LIBRSVG_CFLAGS_value=
ac_cv_env_LIBRSVG_LIBS_set=
ac_cv_env_LIBRSVG_LIBS_value=
ac_cv_env_LIBSN_CFLAGS_set=
ac_cv_env_LIBSN_CFLAGS_value=
ac_cv_env_LIBSN_LIBS_set=
ac_cv_env_LIBSN_LIBS_value=
ac_cv_env_LIBS_set=
ac_cv_env_LIBS_value=
ac_cv_env_LT_SYS_LIBRARY_PATH_set=
ac_cv_env_LT_SYS_LIBRARY_PATH_value=
ac_cv_env_PANGO_CFLAGS_set=
ac_cv_env_PANGO_CFLAGS_value=
ac_cv_env_PANGO_LIBS_set=
ac_cv_env_PANGO_LIBS_value=
ac_cv_env_PKG_CONFIG_LIBDIR_set=
ac_cv_env_PKG_CONFIG_LIBDIR_value=
ac_cv_env_PKG_CONFIG_PATH_set=
ac_cv_env_PKG_CONFIG_PATH_value=
ac_cv_env_PKG_CONFIG_set=
ac_cv_env_PKG_CONFIG_value=
ac_cv_env_XCURSOR_CFLAGS_set=
ac_cv_env_XCURSOR_CFLAGS_value=
ac_cv_env_XCURSOR_LIBS_set=
ac_cv_env_XCURSOR_LIBS_value=
ac_cv_env_XMKMF_set=
ac_cv_env_XMKMF_value=
ac_cv_env_XML_CFLAGS_set=
ac_cv_env_XML_CFLAGS_value=
ac_cv_env_XML_LIBS_set=
ac_cv_env_XML_LIBS_value=
ac_cv_env_build_alias_set=
ac_cv_env_build_alias_value=
ac_cv_env_host_alias_set=
ac_cv_env_host_alias_value=
ac_cv_env_target_alias_set=
ac_cv_env_target_alias_value=
ac_cv_func_connect=yes
ac_cv_func_gethostbyname=yes
ac_cv_func_remove=yes
ac_cv_func_shmat=yes
ac_cv_have_x='have_x=yes	ac_x_includes='\'''\''	ac_x_libraries='\'''\'''
ac_cv_header_X11_SM_SMlib_h=yes
ac_cv_header_ctype_h=yes
ac_cv_header_dirent_h=yes
ac_cv_header_dlfcn_h=yes
ac_cv_header_errno_h=yes
ac_cv_header_fcntl_h=yes
ac_cv_header_grp_h=yes
ac_cv_header_inttypes_h=yes
ac_cv_header_locale_h=yes
ac_cv_header_pwd_h=yes
ac_cv_header_signal_h=yes
ac_cv_header_stdint_h=yes
ac_cv_header_stdio_h=yes
ac_cv_header_stdlib_h=yes
ac_cv_header_string_h=yes
ac_cv_header_strings_h=yes
ac_cv_header_sys_select_h=yes
ac_cv_header_sys_socket_h=yes
ac_cv_header_sys_stat_h=yes
ac_cv_header_sys_time_h=yes
ac_cv_header_sys_types_h=yes
ac_cv_header_sys_wait_h=yes
ac_cv_header_unistd_h=yes
ac_cv_host=x86_64-pc-linux-gnu
ac_cv_lib_ICE_IceConnectionNumber=yes
ac_cv_lib_SM_SmcSaveYourselfDone=yes
ac_cv_lib_X11_XOpenDisplay=yes
ac_cv_lib_X11_XkbBell=yes
ac_cv_lib_Xau_XauReadAuth=yes
ac_cv_lib_Xext_XShapeCombineShape=yes
ac_cv_lib_Xext_XSyncInitialize=yes
ac_cv_lib_Xinerama_XineramaQueryExtension=yes
ac_cv_lib_Xrandr_XRRSelectInput=yes
ac_cv_objext=o
ac_cv_path_DIRNAME=/usr/bin/dirname
ac_cv_path_EGREP='/usr/bin/grep -E'
ac_cv_path_FGREP='/usr/bin/grep -F'
ac_cv_path_GMSGFMT=/usr/bin/msgfmt
ac_cv_path_GREP=/usr/bin/grep
ac_cv_path_MSGFMT=/usr/bin/msgfmt
ac_cv_path_MSGMERGE=/usr/bin/msgmerge
ac_cv_path_SED=/usr/bin/sed
ac_cv_path_XGETTEXT=/usr/bin/xgettext
ac_cv_path_ac_pt_PKG_CONFIG=/usr/bin/pkg-config
ac_cv_path_install='/usr/bin/install -c'
ac_cv_path_lt_DD=/usr/bin/dd
ac_cv_path_mkdir=/usr/bin/mkdir
ac_cv_prog_AWK=gawk
ac_cv_prog_CPP='gcc -E'
ac_cv_prog_ac_ct_AR=ar
ac_cv_prog_ac_ct_CC=gcc
ac_cv_prog_ac_ct_FILECMD=file
ac_cv_prog_ac_ct_OBJDUMP=objdump
ac_cv_prog_ac_ct_RANLIB=ranlib
ac_cv_prog_ac_ct_STRIP=strip
ac_cv_prog_cc_c11=
ac_cv_prog_cc_g=yes
ac_cv_prog_cc_stdc=
ac_cv_prog_make_make_set=yes
acl_cv_hardcode_direct=no
acl_cv_hardcode_libdir_flag_spec='${wl}-rpath ${wl}$libdir'
acl_cv_hardcode_libdir_separator=
acl_cv_hardcode_minus_L=no
acl_cv_libext=a
acl_cv_path_LD='/usr/bin/ld -m elf_x86_64'
acl_cv_prog_gnu_ld=yes
acl_cv_rpath=done
acl_cv_shlibext=so
acl_cv_wl=-Wl,
am_cv_CC_dependencies_compiler_type=gcc3
am_cv_make_support_nested_variables=yes
am_cv_prog_cc_c_o=yes
gt_cv_func_CFLocaleCopyCurrent=no
gt_cv_func_CFPreferencesCopyAppValue=no
gt_cv_func_gnugettext1_libc=yes
lt_cv_ar_at_file=@
lt_cv_archive_cmds_need_lc=no
lt_cv_deplibs_check_method=pass_all
lt_cv_file_magic_cmd='$MAGIC_CMD'
lt_cv_file_magic_test_file=
lt_cv_ld_reload_flag=-r
lt_cv_nm_interface='BSD nm'
lt_cv_objdir=.libs
lt_cv_path_LD=/usr/bin/ld
lt_cv_path_NM='/usr/bin/nm -B'
lt_cv_path_mainfest_tool=no
lt_cv_prog_compiler_c_o=yes
lt_cv_prog_compiler_pic='-fPIC -DPIC'
lt_cv_prog_compiler_pic_works=yes
lt_cv_prog_compiler_rtti_exceptions=no
lt_cv_prog_compiler_static_works=no
lt_cv_prog_gnu_ld=yes
lt_cv_sharedlib_from_linklib_cmd='printf %s\n'
lt_cv_shlibpath_overrides_runpath=yes
lt_cv_sys_global_symbol_pipe='/usr/bin/sed -n -e '\''s/^.*[	 ]\([ABCDGIRSTW][ABCDGIRSTW]*\)[	 ][	 ]*\([_A-Za-z][_A-Za-z0-9]*\)$/\1 \2 \2/p'\'' | /usr/bin/sed '\''/ __gnu_lto/d'\'''
lt_cv_sys_global_symbol_to_c_name_address='/usr/bin/sed -n -e '\''s/^: \(.*\) .*$/  {"\1", (void *) 0},/p'\'' -e '\''s/^[ABCDGIRSTW][ABCDGIRSTW]* .* \(.*\)$/  {"\1", (void *) \&\1},/p'\'''
lt_cv_sys_global_symbol_to_c_name_address_lib_prefix='/usr/bin/sed -n -e '\''s/^: \(.*\) .*$/  {"\1", (void *) 0},/p'\'' -e '\''s/^[ABCDGIRSTW][ABCDGIRSTW]* .* \(lib.*\)$/  {"\1", (void *) \&\1},/p'\'' -e '\''s/^[ABCDGIRSTW][ABCDGIRSTW]* .* \(.*\)$/  {"lib\1", (void *) \&\1},/p'\'''
lt_cv_sys_global_symbol_to_cdecl='/usr/bin/sed -n -e '\''s/^T .* \(.*\)$/extern int \1();/p'\'' -e '\''s/^[ABCDGIRSTW][ABCDGIRSTW]* .* \(.*\)$/extern char \1;/p'\'''
lt_cv_sys_global_symbol_to_import=
lt_cv_sys_max_cmd_len=1572864
lt_cv_to_host_file_cmd=func_convert_file_noop
lt_cv_to_tool_file_cmd=func_convert_file_noop
lt_cv_truncate_bin='/usr/bin/dd bs=4096 count=1'
pkg_cv_GLIB_CFLAGS='-I/usr/include/glib-2.0 -I/usr/lib64/glib-2.0/include -I/usr/include/sysprof-4 -pthread '
pkg_cv_GLIB_LIBS='-lglib-2.0 '
pkg_cv_PANGO_CFLAGS='-I/usr/include/pango-1.0 -I/usr/include/glib-2.0 -I/usr/lib64/glib-2.0/include -I/usr/include/sysprof-4 -I/usr/include/harfbuzz -I/usr/include/freetype2 -I/usr/include/libpng16 -I/usr/include/libmount -I/usr/include/blkid -I/usr/include/fribidi -I/usr/include/libxml2 -I/usr/include/cairo -I/usr/include/pixman-1 -pthread '
pkg_cv_PANGO_LIBS='-lpangoxft-1.0 -lpangoft2-1.0 -lpango-1.0 -lgobject-2.0 -lglib-2.0 -lharfbuzz -lfontconfig -lfreetype -lXft '
pkg_cv_XCURSOR_CFLAGS=
pkg_cv_XCURSOR_LIBS='-lXcursor '
pkg_cv_XML_CFLAGS='-I/usr/include/libxml2 '
pkg_cv_XML_LIBS='-lxml2 '

## ----------------- ##
## Output variables. ##
## ----------------- ##

ACLOCAL='${SHELL} '\''/home/charl/octo/missing'\'' aclocal-1.16'
AMDEPBACKSLASH='\'
AMDEP_FALSE='#'
AMDEP_TRUE=''
AMTAR='$${TAR-tar}'
AM_BACKSLASH='\'
AM_DEFAULT_V='$(AM_DEFAULT_VERBOSITY)'
AM_DEFAULT_VERBOSITY='0'
AM_V='$(V)'
AR='ar'
AUTOCONF='${SHELL} '\''/home/charl/octo/missing'\'' autoconf'
AUTOHEADER='${SHELL} '\''/home/charl/octo/missing'\'' autoheader'
AUTOMAKE='${SHELL} '\''/home/charl/octo/missing'\'' automake-1.16'
AWK='gawk'
CC='gcc'
CCDEPMODE='depmode=gcc3'
CFLAGS='-g -O2 -DNDEBUG -DG_DISABLE_ASSERT -fno-strict-aliasing'
CPP='gcc -E'
CPPFLAGS=''
CSCOPE='cscope'
CTAGS='ctags'
CYGPATH_W='echo'
DEFS='-DPACKAGE_NAME=\"openbox\" -DPACKAGE_TARNAME=\"openbox\" -DPACKAGE_VERSION=\"3.6\" -DPACKAGE_STRING=\"openbox\ 3.6\" -DPACKAGE_BUGREPORT=\"http://bugzilla.icculus.org\" -DPACKAGE_URL=\"\" -DPACKAGE=\"openbox\" -DVERSION=\"3.6\" -DHAVE_STDIO_H=1 -DHAVE_STDLIB_H=1 -DHAVE_STRING_H=1 -DHAVE_INTTYPES_H=1 -DHAVE_STDINT_H=1 -DHAVE_STRINGS_H=1 -DHAVE_SYS_STAT_H=1 -DHAVE_SYS_TYPES_H=1 -DHAVE_UNISTD_H=1 -DSTDC_HEADERS=1 -DHAVE_DLFCN_H=1 -DLT_OBJDIR=\".libs/\" -DENABLE_NLS=1 -DHAVE_GETTEXT=1 -DHAVE_DCGETTEXT=1 -DHAVE_CTYPE_H=1 -DHAVE_DIRENT_H=1 -DHAVE_ERRNO_H=1 -DHAVE_FCNTL_H=1 -DHAVE_GRP_H=1 -DHAVE_LOCALE_H=1 -DHAVE_PWD_H=1 -DHAVE_SIGNAL_H=1 -DHAVE_STRING_H=1 -DHAVE_STDIO_H=1 -DHAVE_STDLIB_H=1 -DHAVE_UNISTD_H=1 -DHAVE_SYS_STAT_H=1 -DHAVE_SYS_SELECT_H=1 -DHAVE_SYS_SOCKET_H=1 -DHAVE_SYS_TIME_H=1 -DHAVE_SYS_TYPES_H=1 -DHAVE_SYS_WAIT_H=1 -DUSE_XCURSOR=1 -DHAVE_LIBX11=1 -DHAVE_X11_SM_SMLIB_H=1 -DUSE_SM=1 -DXKB=1 -DXRANDR=1 -DSHAPE=1 -DXINERAMA=1 -DSYNC=1 -DAUTH=1'
DEPDIR='.deps'
DIRNAME='/usr/bin/dirname'
DLLTOOL='false'
DSYMUTIL=''
DUMPBIN=''
ECHO_C=''
ECHO_N='-n'
ECHO_T=''
EFENCE_LIBS=''
EGREP='/usr/bin/grep -E'
ETAGS='etags'
EXEEXT=''
FGREP='/usr/bin/grep -F'
FILECMD='file'
GLIB_CFLAGS='-I/usr/include/glib-2.0 -I/usr/lib64/glib-2.0/include -I/usr/include/sysprof-4 -pthread '
GLIB_LIBS='-lglib-2.0 '
GMSGFMT='/usr/bin/msgfmt'
GMSGFMT_015='/usr/bin/msgfmt'
GREP='/usr/bin/grep'
IMLIB2_CFLAGS=''
IMLIB2_LIBS=''
INSTALL_DATA='${INSTALL} -m 644'
INSTALL_PROGRAM='${INSTALL}'
INSTALL_SCRIPT='${INSTALL}'
INSTALL_STRIP_PROGRAM='$(install_sh) -c -s'
INTLLIBS=''
INTL_MACOSX_LIBS=''
LD='/usr/bin/ld -m elf_x86_64'
LDFLAGS=''
LIBICONV='-liconv'
LIBINTL=''
LIBOBJS=''
LIBRSVG_CFLAGS=''
LIBRSVG_LIBS=''
LIBS=' '
LIBSN_CFLAGS=''
LIBSN_LIBS=''
LIBTOOL='$(SHELL) $(top_builddir)/libtool --silent'
LIBTOOL_DEPS='.//ltmain.sh'
LIPO=''
LN_S='ln -s'
LTLIBICONV='-liconv'
LTLIBINTL=''
LTLIBOBJS=''
LT_SYS_LIBRARY_PATH=''
MAKEINFO='${SHELL} '\''/home/charl/octo/missing'\'' makeinfo'
MANIFEST_TOOL=':'
MKDIR_P='/usr/bin/mkdir -p'
MSGFMT='/usr/bin/msgfmt'
MSGFMT_015='/usr/bin/msgfmt'
MSGMERGE='/usr/bin/msgmerge'
NM='/usr/bin/nm -B'
NMEDIT=''
OBJDUMP='objdump'
OBJEXT='o'
OBT_AGE='0'
OBT_BINARY_AGE='2'
OBT_CURRENT='2'
OBT_CURRENT_MINUS_AGE='2'
OBT_INTERFACE_AGE='2'
OBT_MAJOR_VERSION='3'
OBT_MICRO_VERSION='4'
OBT_MINOR_VERSION='6'
OBT_RELEASE='3.6'
OBT_REVISION='2'
OBT_VERSION='3.6'
OB_VERSION='3.6'
OTOOL64=''
OTOOL=''
PACKAGE='openbox'
PACKAGE_BUGREPORT='http://bugzilla.icculus.org'
PACKAGE_NAME='openbox'
PACKAGE_STRING='openbox 3.6'
PACKAGE_TARNAME='openbox'
PACKAGE_URL=''
PACKAGE_VERSION='3.6'
PANGO_CFLAGS='-I/usr/include/pango-1.0 -I/usr/include/glib-2.0 -I/usr/lib64/glib-2.0/include -I/usr/include/sysprof-4 -I/usr/include/harfbuzz -I/usr/include/freetype2 -I/usr/include/libpng16 -I/usr/include/libmount -I/usr/include/blkid -I/usr/include/fribidi -I/usr/include/libxml2 -I/usr/include/cairo -I/usr/include/pixman-1 -pthread '
PANGO_LIBS='-lpangoxft-1.0 -lpangoft2-1.0 -lpango-1.0 -lgobject-2.0 -lglib-2.0 -lharfbuzz -lfontconfig -lfreetype -lXft '
PATH_SEPARATOR=':'
PKG_CONFIG='/usr/bin/pkg-config'
PKG_CONFIG_IMLIB=''
PKG_CONFIG_LIBDIR=''
PKG_CONFIG_LIBRSVG=''
PKG_CONFIG_PATH=''
POSUB='po'
RANLIB='ranlib'
RR_AGE='0'
RR_BINARY_AGE='2'
RR_CURRENT='29'
RR_CURRENT_MINUS_AGE='29'
RR_INTERFACE_AGE='2'
RR_MAJOR_VERSION='3'
RR_MICRO_VERSION='31'
RR_MINOR_VERSION='6'
RR_RELEASE='3.6'
RR_REVISION='2'
RR_VERSION='3.6'
SED='/usr/bin/sed'
SET_MAKE=''
SHELL='/bin/sh'
SM_CFLAGS=''
SM_LIBS='-lSM -lICE'
STRIP='strip'
USE_IMLIB2_FALSE=''
USE_IMLIB2_TRUE='#'
USE_LIBRSVG_FALSE=''
USE_LIBRSVG_TRUE='#'
USE_NLS='yes'
VERSION='3.6'
XAUTH_CFLAGS=''
XAUTH_LIBS='-lXau'
XCURSOR_CFLAGS=''
XCURSOR_LIBS='-lXcursor '
XGETTEXT='/usr/bin/xgettext'
XGETTEXT_015='/usr/bin/xgettext'
XINERAMA_LIBS='-lXext -lXinerama'
XKB_CFLAGS=''
XKB_LIBS=''
XMKMF=''
XML_CFLAGS='-I/usr/include/libxml2 '
XML_LIBS='-lxml2 '
XRANDR_CFLAGS=''
XRANDR_LIBS='-lXext -lXrender -lXrandr'
XSHAPE_CFLAGS=''
XSHAPE_LIBS='-lXext'
XSYNC_CFLAGS=''
XSYNC_LIBS='-lXext'
X_CFLAGS=''
X_EXTRA_LIBS=''
X_LIBS=' -lSM -lICE  -lX11'
X_PRE_LIBS=' -lSM -lICE'
ac_ct_AR='ar'
ac_ct_CC='gcc'
ac_ct_DUMPBIN=''
am__EXEEXT_FALSE=''
am__EXEEXT_TRUE='#'
am__fastdepCC_FALSE='#'
am__fastdepCC_TRUE=''
am__include='include'
am__isrc=''
am__leading_dot='.'
am__nodep='_no'
am__quote=''
am__tar='$${TAR-tar} chof - "$$tardir"'
am__untar='$${TAR-tar} xf -'
bindir='${exec_prefix}/bin'
build='x86_64-pc-linux-gnu'
build_alias=''
build_cpu='x86_64'
build_os='linux-gnu'
build_vendor='pc'
datadir='${datarootdir}'
datarootdir='${prefix}/share'
docdir='${datarootdir}/doc/${PACKAGE_TARNAME}'
dvidir='${docdir}'
exec_prefix='${prefix}'
host='x86_64-pc-linux-gnu'
host_alias=''
host_cpu='x86_64'
host_os='linux-gnu'
host_vendor='pc'
htmldir='${docdir}'
includedir='${prefix}/include'
infodir='${datarootdir}/info'
install_sh='${SHELL} /home/charl/octo/install-sh'
libdir='${exec_prefix}/lib'
libexecdir='${exec_prefix}/libexec'
localedir='${datarootdir}/locale'
localstatedir='${prefix}/var'
mandir='${datarootdir}/man'
mkdir_p='/usr/bin/mkdir -p'
oldincludedir='/usr/include'
pdfdir='${docdir}'
prefix='/usr/local'
program_transform_name='s,x,x,'
psdir='${docdir}'
runstatedir='${localstatedir}/run'
sbindir='${exec_prefix}/sbin'
sharedstatedir='${prefix}/com'
sysconfdir='${prefix}/etc'
target_alias=''

## ----------- ##
## confdefs.h. ##
## ----------- ##

/* confdefs.h */
#define PACKAGE_NAME "openbox"
#define PACKAGE_TARNAME "openbox"
#define PACKAGE_VERSION "3.6"
#define PACKAGE_STRING "openbox 3.6"
#define PACKAGE_BUGREPORT "http://bugzilla.icculus.org"
#define PACKAGE_URL ""
#define PACKAGE "openbox"
#define VERSION "3.6"
#define HAVE_STDIO_H 1
#define HAVE_STDLIB_H 1
#define HAVE_STRING_H 1
#define HAVE_INTTYPES_H 1
#define HAVE_STDINT_H 1
#define HAVE_STRINGS_H 1
#define HAVE_SYS_STAT_H 1
#define HAVE_SYS_TYPES_H 1
#define HAVE_UNISTD_H 1
#define STDC_HEADERS 1
#define HAVE_DLFCN_H 1
#define LT_OBJDIR ".libs/"
#define ENABLE_NLS 1
#define HAVE_GETTEXT 1
#define HAVE_DCGETTEXT 1
#define HAVE_CTYPE_H 1
#define HAVE_DIRENT_H 1
#define HAVE_ERRNO_H 1
#define HAVE_FCNTL_H 1
#define HAVE_GRP_H 1
#define HAVE_LOCALE_H 1
#define HAVE_PWD_H 1
#define HAVE_SIGNAL_H 1
#define HAVE_STRING_H 1
#define HAVE_STDIO_H 1
#define HAVE_STDLIB_H 1
#define HAVE_UNISTD_H 1
#define HAVE_SYS_STAT_H 1
#define HAVE_SYS_SELECT_H 1
#define HAVE_SYS_SOCKET_H 1
#define HAVE_SYS_TIME_H 1
#define HAVE_SYS_TYPES_H 1
#define HAVE_SYS_WAIT_H 1
#define USE_XCURSOR 1
#define HAVE_LIBX11 1
#define HAVE_X11_SM_SMLIB_H 1
#define USE_SM 1
#define XKB 1
#define XRANDR 1
#define SHAPE 1
#define XINERAMA 1
#define SYNC 1
#define AUTH 1

configure: exit 0
